<?xml version="1.0" encoding="UTF-8"?>
<!-- Generated by org.testng.reporters.JUnitXMLReporter -->
<testsuite ignored="0" hostname="DESKTOP-R8GVFU8" failures="3" tests="24" name="Test" time="34.027" errors="0" timestamp="02 Mar 2024 15:31:19 GMT">
  <testcase classname="testng.BasicsofTestNG" name="Search" time="0.007"/>
  <testcase classname="testng.BasicsofTestNG" name="googleTitletext" time="0.004"/>
  <testcase classname="testng.BasicsofTestNG" name="newSearch" time="0.001"/>
  <testcase classname="testng.GoogleTest" name="googleTitleTest" time="0.011"/>
  <testcase classname="testng.InvocationCountTest" name="Sum" time="0.001"/>
  <testcase classname="testng.InvocationCountTest" name="Sum" time="0.002"/>
  <testcase classname="testng.InvocationCountTest" name="Sum" time="0.005"/>
  <testcase classname="testng.InvocationCountTest" name="Sum" time="0.001"/>
  <testcase classname="testng.InvocationCountTest" name="Sum" time="0.002"/>
  <testcase classname="testng.InvocationCountTest" name="Sum" time="0.001"/>
  <testcase classname="testng.InvocationCountTest" name="Sum" time="0.001"/>
  <testcase classname="testng.InvocationCountTest" name="Sum" time="0.0"/>
  <testcase classname="testng.InvocationCountTest" name="Sum" time="0.0"/>
  <testcase classname="testng.InvocationCountTest" name="Sum" time="0.001"/>
  <testcase classname="testng.TestngFeature" name="Login" time="0.001">
    <failure type="java.lang.ArithmeticException" message="/ by zero">
      <![CDATA[java.lang.ArithmeticException: / by zero
	at testng.TestngFeature.Login(TestngFeature.java:12)
... Removed 23 stack frames]]>
    </failure>
  </testcase> <!-- Login -->
  <testcase classname="testng.ExceptionTimeOutTest" name="StringtoIntegerconvertTest" time="0.001"/>
  <testcase classname="testng.ExceptionTimeOutTest" name="infinitloop" time="2.011">
    <failure type="java.lang.ArrayIndexOutOfBoundsException" message="Index 0 out of bounds for length 0">
      <![CDATA[java.lang.ArrayIndexOutOfBoundsException: Index 0 out of bounds for length 0
... Removed 22 stack frames]]>
    </failure>
  </testcase> <!-- infinitloop -->
  <testcase classname="testng.TestngFeature" name="Homepage" time="0.0">
    <skipped/>
  </testcase> <!-- Homepage -->
  <testcase classname="testng.TestngFeature" name="ClickOnLink" time="0.0">
    <skipped/>
  </testcase> <!-- ClickOnLink -->
  <testcase classname="testng.FirstTestOnTestng" name="googleTitleTest" time="0.009"/>
  <testcase classname="testng.FirstTestOnTestng" name="googleLogoTest" time="0.041"/>
  <testcase classname="testng.GoogleTest" name="googleLogoTest" time="0.032"/>
  <testcase classname="testng.FirstTestOnTestng" name="googlelinkTest" time="10.049">
    <failure type="org.openqa.selenium.NoSuchElementException" message="no such element: Unable to locate element: {&amp;quot;method&amp;quot;:&amp;quot;link text&amp;quot;,&amp;quot;selector&amp;quot;:&amp;quot;Gmaill&amp;quot;}
  (Session info: chrome=122.0.6261.95)
For documentation on this error, please visit: https://www.selenium.dev/documentation/webdriver/troubleshooting/errors#no-such-element-exception
Build info: version: &amp;apos;4.18.1&amp;apos;, revision: &amp;apos;b1d3319b48&amp;apos;
System info: os.name: &amp;apos;Windows 11&amp;apos;, os.arch: &amp;apos;amd64&amp;apos;, os.version: &amp;apos;10.0&amp;apos;, java.version: &amp;apos;21.0.2&amp;apos;
Driver info: org.openqa.selenium.chrome.ChromeDriver
Command: [4112131c257160640665e64db09259bf, findElement {value=Gmaill, using=link text}]
Capabilities {acceptInsecureCerts: false, browserName: chrome, browserVersion: 122.0.6261.95, chrome: {chromedriverVersion: 122.0.6261.94 (880dbf29479c..., userDataDir: C:\Users\Admin\AppData\Loca...}, fedcm:accounts: true, goog:chromeOptions: {debuggerAddress: localhost:53384}, networkConnectionEnabled: false, pageLoadStrategy: normal, platformName: windows, proxy: Proxy(), se:cdp: ws://localhost:53384/devtoo..., se:cdpVersion: 122.0.6261.95, setWindowRect: true, strictFileInteractability: false, timeouts: {implicit: 0, pageLoad: 300000, script: 30000}, unhandledPromptBehavior: dismiss and notify, webauthn:extension:credBlob: true, webauthn:extension:largeBlob: true, webauthn:extension:minPinLength: true, webauthn:extension:prf: true, webauthn:virtualAuthenticators: true}
Session ID: 4112131c257160640665e64db09259bf">
      <![CDATA[org.openqa.selenium.NoSuchElementException: no such element: Unable to locate element: {"method":"link text","selector":"Gmaill"}
  (Session info: chrome=122.0.6261.95)
For documentation on this error, please visit: https://www.selenium.dev/documentation/webdriver/troubleshooting/errors#no-such-element-exception
Build info: version: '4.18.1', revision: 'b1d3319b48'
System info: os.name: 'Windows 11', os.arch: 'amd64', os.version: '10.0', java.version: '21.0.2'
Driver info: org.openqa.selenium.chrome.ChromeDriver
Command: [4112131c257160640665e64db09259bf, findElement {value=Gmaill, using=link text}]
Capabilities {acceptInsecureCerts: false, browserName: chrome, browserVersion: 122.0.6261.95, chrome: {chromedriverVersion: 122.0.6261.94 (880dbf29479c..., userDataDir: C:\Users\Admin\AppData\Loca...}, fedcm:accounts: true, goog:chromeOptions: {debuggerAddress: localhost:53384}, networkConnectionEnabled: false, pageLoadStrategy: normal, platformName: windows, proxy: Proxy(), se:cdp: ws://localhost:53384/devtoo..., se:cdpVersion: 122.0.6261.95, setWindowRect: true, strictFileInteractability: false, timeouts: {implicit: 0, pageLoad: 300000, script: 30000}, unhandledPromptBehavior: dismiss and notify, webauthn:extension:credBlob: true, webauthn:extension:largeBlob: true, webauthn:extension:minPinLength: true, webauthn:extension:prf: true, webauthn:virtualAuthenticators: true}
Session ID: 4112131c257160640665e64db09259bf
	at org.openqa.selenium.remote.ErrorCodec.decode(ErrorCodec.java:167)
	at org.openqa.selenium.remote.codec.w3c.W3CHttpResponseCodec.decode(W3CHttpResponseCodec.java:138)
	at org.openqa.selenium.remote.codec.w3c.W3CHttpResponseCodec.decode(W3CHttpResponseCodec.java:50)
	at org.openqa.selenium.remote.HttpCommandExecutor.execute(HttpCommandExecutor.java:190)
	at org.openqa.selenium.remote.service.DriverCommandExecutor.invokeExecute(DriverCommandExecutor.java:216)
	at org.openqa.selenium.remote.service.DriverCommandExecutor.execute(DriverCommandExecutor.java:174)
	at org.openqa.selenium.remote.RemoteWebDriver.execute(RemoteWebDriver.java:519)
	at org.openqa.selenium.remote.ElementLocation$ElementFinder$2.findElement(ElementLocation.java:165)
	at org.openqa.selenium.remote.ElementLocation.findElement(ElementLocation.java:59)
	at org.openqa.selenium.remote.RemoteWebDriver.findElement(RemoteWebDriver.java:356)
	at org.openqa.selenium.remote.RemoteWebDriver.findElement(RemoteWebDriver.java:350)
	at testng.FirstTestOnTestng.googlelinkTest(FirstTestOnTestng.java:46)
... Removed 26 stack frames]]>
    </failure>
  </testcase> <!-- googlelinkTest -->
  <testcase classname="testng.GoogleTest" name="googlelinkTest" time="0.042"/>
</testsuite> <!-- Test -->
